
P A U P *
Version 4.0a (build 168) for macOS (built on Aug  2 2020 at 06:41:30)
Wed Mar 17 11:18:20 2021


paup> exe guerlinguetus-50p.nex 

Processing of file "~/Desktop/PAUPnew/guerlinguetus-50p.nex" begins...

Data read in DNA format

Data matrix has 72 taxa, 1495138 characters
Valid character-state symbols: ACGT
Missing data identified by '?'
Gaps identified by '-'
"Equate" macros in effect:
   R,r ==> {AG}
   Y,y ==> {CT}
   M,m ==> {AC}
   K,k ==> {GT}
   S,s ==> {CG}
   W,w ==> {AT}
   H,h ==> {ACT}
   B,b ==> {CGT}
   V,v ==> {ACG}
   D,d ==> {AGT}
   N,n ==> {ACGT}

Processing of input file "guerlinguetus-50p.nex" completed.

paup> svdq evalQuartets=all partition=none

Analysis using SVDQuartets method

  Number of taxa (lineages) in the analysis = 72
  No species-membership partition is in effect; assuming one tip per species
  Quartet sampling = exhaustive (1028790 quartets)
  Tree model = multispecies coalescent (expected rank of flattening matrix for true tree = 10)
  Using 2 parallel threads on 2 physical (4 logical) processors
  Tree search:
    Quartet assembly algorithm = QFM
    Local search = none

32042 uninformative/indecisive quartets were discarded

Quartet assembly completed:
  Total weight of incompatible quartets = 149108 (14.959%)
  Total weight of compatible quartets   = 847640 (85.041%)
  Time used for QFM = 0.22 sec (CPU time = 0.42 sec)

Tree from SVDQuartets analysis (also stored to tree buffer):

/----------------------------------------------------------------------------------- AMNH135435GaeVE
|
|                                                                             /----- ANRA10GbrBR
|                                                                    /--------+
|                                                                    |        \----- MCNM1388GbrBR
|                                                                    |
|                                                                /---+        /----- GTG54GbrBR
|                                                                |   |    /---+
|                                                                |   |    |   \----- GTG55GbrBR
|                                                           /----+   \----+
|                                                           |    |        \--------- USNM549526GaeBR
|                           /-------------------------------+    |
|                           |                               |    \------------------ ANRA12GbrBR
|                           |                               |
|                           |                               \----------------------- EFA41GbrBR
|                           |
|                           |                                             /--------- CMARF1569GbrBR
|                           |                                             |
|                           |                               /-------------+   /----- UFES3776GbrBR
|                           |                               |             \---+
|                           |                               |                 \----- MCNM2944GbrBr
|                           |                          /----+
|                           |                          |    |    /------------------ MCN866GbrBR
|                           |                          |    |    |
|                           |                          |    \----+   /-------------- UFES119GbrBR
|                           |                          |         |   |
|                           |                          |         \---+        /----- UFES223GbrBR
|                           |        /-----------------+             |    /---+
|                           |        |                 |             |    |   \----- UFES3817GbrBR
|                           |        |                 |             \----+
|                           |        |                 |                  \--------- UFES85GbrBR
|                           |        |                 |
|                           |        |                 |                  /--------- UFES1063GbrBR
|                           |        |                 |                  |
|                           |        |                 \------------------+   /----- UFES14GbrBR
|                      /----+        |                                    \---+
|                      |    |        |                                        \----- UFES614GbrBR
|                      |    |        |
|                      |    |        |                                    /--------- FMNH141601GbrBR
|                      |    |        |                                    |
|                      |    |        |                               /----+   /----- MCNU3683GbrBR
|                      |    |        |                               |    \---+
|                      |    |        |                               |        \----- MTR1128GbrBR
|                      |    |        |                           /---+
|                      |    |        |                           |   |    /--------- FZB3514GbrBR
|                      |    |   /----+                           |   |    |
|                      |    |   |    |                      /----+   \----+   /----- UFSC4047GbrBR
|                      |    |   |    |                      |    |        \---+
|                      |    |   |    |                      |    |            \----- UFSC2930GbrBR
|                      |    |   |    |                 /----+    |
|                      |    |   |    |                 |    |    \------------------ MVZ192702GbrBR
|                      |    |   |    |                 |    |
|                      |    |   |    |             /---+    \----------------------- MTR0192GbrBR
|                      |    |   |    |             |   |
|                      |    |   |    |             |   |                      /----- MTR1821GbrBR
|                      |    |   |    |             |   \----------------------+
|                      |    |   |    |        /----+                          \----- MTR0444GbrBR
|                      |    |   |    |        |    |
|                      |    \---+    |        |    |                          /----- MVZ182070GbrBR
|                 /----+        |    |        |    \--------------------------+
|                 |    |        |    |    /---+                               \----- MVZ200389GbrBR
|                 |    |        |    |    |   |
|                 |    |        |    |    |   |                           /--------- DTM277GbrBR
|                 |    |        |    |    |   |                           |
|                 |    |        |    \----+   \---------------------------+   /----- LMUSP301GbrBR
|                 |    |        |         |                               \---+
|                 |    |        |         |                                   \----- MTR1785GbrBR
|                 |    |        |         |
|                 |    |        |         \----------------------------------------- MVZ182071GbrBR
|                 |    |        |
|                 |    |        |                                             /----- DTM41GbrBR
|                 |    |        \---------------------------------------------+
|                 |    |                                                      \----- CMARF1568GbrBR
|                 |    |
|                 |    |                                                      /----- ISEMT6101GaeFG
|                 |    |                                                  /---+
|                 |    |                                                  |   \----- ISEMT5176GaeFG
|                 |    |                               /------------------+
|                 |    |                               |                  \--------- ISEMT1758GaeFG
|                 |    |                               |
|                 |    |                               |             /-------------- JMIJ35GaeBR
|                 |    |                               |             |
|                 |    |                               |             |        /----- BM10678GaeBR
|                 |    \-------------------------------+         /---+    /---+
|                 |                                    |         |   |    |   \----- BML1493IndetBR
|                 |                                    |         |   \----+
|                 |                                    |         |        |   /----- BM17058GaeBR
|                 |                                    |    /----+        \---+
|             /---+                                    |    |    |            \----- UFES4256GaeBR
|             |   |                                    |    |    |
|             |   |                                    \----+    |            /----- PECC03GbrBR
|             |   |                                         |    \------------+
|             |   |                                         |                 \----- PECC26GbrBR
|             |   |                                         |
|             |   |                                         \----------------------- IEPA3704GaeBR
|             |   |
|             |   |                                                           /----- CN029GaeBR
|             |   |                                    /----------------------+
|             |   |                                    |                      \----- CN201GaeBR
|             |   |                                    |
|             |   |                                    |                  /--------- CN048GaeBR
|             |   |                                    |                  |
|             |   |                                    |             /----+   /----- CN160GaeBR
|             |   |                                /---+             |    \---+
|             |   |                                |   |         /---+        \----- CN230SpuBR
|             |   |                                |   |         |   |
|             |   |                                |   |    /----+   \-------------- CN158GaeBR
|             |   |                                |   |    |    |
|        /----+   |                                |   |    |    \------------------ CN241GaeBR
|        |    |   |                                |   \----+
|        |    |   |                           /----+        |             /--------- CN269GaeBR
|        |    |   |                           |    |        |             |
|        |    |   |                           |    |        \-------------+   /----- CN270GaeBR
|        |    |   |                           |    |                      \---+
|        |    |   |                           |    |                          \----- CN294GaeBR
|        |    |   |                           |    |
|        |    |   \---------------------------+    |                          /----- IEPA4384GaeBR
|        |    |                               |    \--------------------------+
|        |    |                               |                               \----- CN175GaeBR
|        |    |                               |
|        |    |                               |                               /----- MNMN56819GaeBR
|        |    |                               |                           /---+
|        |    |                               |                           |   \----- ENM13GaeBR
|    /---+    |                               \---------------------------+
|    |   |    |                                                           \--------- USNM560645GaeVE
|    |   |    |
|    |   |    |                                                           /--------- DICO001NpuBR
|    |   |    |                                                           |
|    |   |    \-----------------------------------------------------------+   /----- RETA15IndetBR
|    |   |                                                                \---+
|    |   |                                                                    \----- MPEG45441GaeBR
|    |   |
\----+   |                                                                    /----- MSB148785SvuRU
     |   |                                                                /---+
     |   |                                                                |   \----- MSB273400TmeME
     |   |                                                           /----+
     |   |                                                       /---+    \--------- MSB248241SvaPA
     |   |                                                       |   |
     |   \-------------------------------------------------------+   \-------------- MVZ191205MflBR
     |                                                           |
     |                                                           \------------------ MVZ192704HspPE
     |
     \------------------------------------------------------------------------------ USNM599925GaeGU

Time used for SVDQuartet analysis = 00:03:10 (CPU time = 00:06:18.1)

paup> savetrees file=guerlinguetus-50p.trees brlens

1 tree saved to file "~/Desktop/PAUPnew/guerlinguetus-50p.trees"

paup> svdq nthreads=4 evalQuartets=all partition=none seed=123456 bootstrap=standard nreps=100

Analysis using SVDQuartets method

  Number of taxa (lineages) in the analysis = 72
  No species-membership partition is in effect; assuming one tip per species
  Quartet sampling = exhaustive (1028790 quartets)
  Doing standard bootstrap analysis
    Initial bootstrap seed = 123456
    Number of bootstrap replicates = 100
  Tree model = multispecies coalescent (expected rank of flattening matrix for true tree = 10)
  Using 4 parallel threads on 2 physical (4 logical) processors
  Tree search:
    Quartet assembly algorithm = QFM
    Local search = none

32042 uninformative/indecisive quartets were discarded

Quartet assembly completed:
  Total weight of incompatible quartets = 149108 (14.959%)
  Total weight of compatible quartets   = 847640 (85.041%)
  Time used for QFM = 0.29 sec (CPU time = 1.07 sec)

Tree from SVDQuartets analysis (also stored to tree buffer):

/----------------------------------------------------------------------------------- AMNH135435GaeVE
|
|                                                                             /----- ANRA10GbrBR
|                                                                    /--------+
|                                                                    |        \----- MCNM1388GbrBR
|                                                                    |
|                                                                /---+        /----- GTG54GbrBR
|                                                                |   |    /---+
|                                                                |   |    |   \----- GTG55GbrBR
|                                                           /----+   \----+
|                                                           |    |        \--------- USNM549526GaeBR
|                           /-------------------------------+    |
|                           |                               |    \------------------ ANRA12GbrBR
|                           |                               |
|                           |                               \----------------------- EFA41GbrBR
|                           |
|                           |                                             /--------- CMARF1569GbrBR
|                           |                                             |
|                           |                               /-------------+   /----- UFES3776GbrBR
|                           |                               |             \---+
|                           |                               |                 \----- MCNM2944GbrBr
|                           |                          /----+
|                           |                          |    |    /------------------ MCN866GbrBR
|                           |                          |    |    |
|                           |                          |    \----+   /-------------- UFES119GbrBR
|                           |                          |         |   |
|                           |                          |         \---+        /----- UFES223GbrBR
|                           |        /-----------------+             |    /---+
|                           |        |                 |             |    |   \----- UFES3817GbrBR
|                           |        |                 |             \----+
|                           |        |                 |                  \--------- UFES85GbrBR
|                           |        |                 |
|                           |        |                 |                  /--------- UFES1063GbrBR
|                           |        |                 |                  |
|                           |        |                 \------------------+   /----- UFES14GbrBR
|                      /----+        |                                    \---+
|                      |    |        |                                        \----- UFES614GbrBR
|                      |    |        |
|                      |    |        |                                    /--------- FMNH141601GbrBR
|                      |    |        |                                    |
|                      |    |        |                               /----+   /----- MCNU3683GbrBR
|                      |    |        |                               |    \---+
|                      |    |        |                               |        \----- MTR1128GbrBR
|                      |    |        |                           /---+
|                      |    |        |                           |   |    /--------- FZB3514GbrBR
|                      |    |   /----+                           |   |    |
|                      |    |   |    |                      /----+   \----+   /----- UFSC4047GbrBR
|                      |    |   |    |                      |    |        \---+
|                      |    |   |    |                      |    |            \----- UFSC2930GbrBR
|                      |    |   |    |                 /----+    |
|                      |    |   |    |                 |    |    \------------------ MVZ192702GbrBR
|                      |    |   |    |                 |    |
|                      |    |   |    |             /---+    \----------------------- MTR0192GbrBR
|                      |    |   |    |             |   |
|                      |    |   |    |             |   |                      /----- MTR1821GbrBR
|                      |    |   |    |             |   \----------------------+
|                      |    |   |    |        /----+                          \----- MTR0444GbrBR
|                      |    |   |    |        |    |
|                      |    \---+    |        |    |                          /----- MVZ182070GbrBR
|                 /----+        |    |        |    \--------------------------+
|                 |    |        |    |    /---+                               \----- MVZ200389GbrBR
|                 |    |        |    |    |   |
|                 |    |        |    |    |   |                           /--------- DTM277GbrBR
|                 |    |        |    |    |   |                           |
|                 |    |        |    \----+   \---------------------------+   /----- LMUSP301GbrBR
|                 |    |        |         |                               \---+
|                 |    |        |         |                                   \----- MTR1785GbrBR
|                 |    |        |         |
|                 |    |        |         \----------------------------------------- MVZ182071GbrBR
|                 |    |        |
|                 |    |        |                                             /----- DTM41GbrBR
|                 |    |        \---------------------------------------------+
|                 |    |                                                      \----- CMARF1568GbrBR
|                 |    |
|                 |    |                                                      /----- ISEMT6101GaeFG
|                 |    |                                                  /---+
|                 |    |                                                  |   \----- ISEMT5176GaeFG
|                 |    |                               /------------------+
|                 |    |                               |                  \--------- ISEMT1758GaeFG
|                 |    |                               |
|                 |    |                               |             /-------------- JMIJ35GaeBR
|                 |    |                               |             |
|                 |    |                               |             |        /----- BM10678GaeBR
|                 |    \-------------------------------+         /---+    /---+
|                 |                                    |         |   |    |   \----- BML1493IndetBR
|                 |                                    |         |   \----+
|                 |                                    |         |        |   /----- BM17058GaeBR
|                 |                                    |    /----+        \---+
|             /---+                                    |    |    |            \----- UFES4256GaeBR
|             |   |                                    |    |    |
|             |   |                                    \----+    |            /----- PECC03GbrBR
|             |   |                                         |    \------------+
|             |   |                                         |                 \----- PECC26GbrBR
|             |   |                                         |
|             |   |                                         \----------------------- IEPA3704GaeBR
|             |   |
|             |   |                                                           /----- CN029GaeBR
|             |   |                                    /----------------------+
|             |   |                                    |                      \----- CN201GaeBR
|             |   |                                    |
|             |   |                                    |                  /--------- CN048GaeBR
|             |   |                                    |                  |
|             |   |                                    |             /----+   /----- CN160GaeBR
|             |   |                                /---+             |    \---+
|             |   |                                |   |         /---+        \----- CN230SpuBR
|             |   |                                |   |         |   |
|             |   |                                |   |    /----+   \-------------- CN158GaeBR
|             |   |                                |   |    |    |
|        /----+   |                                |   |    |    \------------------ CN241GaeBR
|        |    |   |                                |   \----+
|        |    |   |                           /----+        |             /--------- CN269GaeBR
|        |    |   |                           |    |        |             |
|        |    |   |                           |    |        \-------------+   /----- CN270GaeBR
|        |    |   |                           |    |                      \---+
|        |    |   |                           |    |                          \----- CN294GaeBR
|        |    |   |                           |    |
|        |    |   \---------------------------+    |                          /----- IEPA4384GaeBR
|        |    |                               |    \--------------------------+
|        |    |                               |                               \----- CN175GaeBR
|        |    |                               |
|        |    |                               |                               /----- MNMN56819GaeBR
|        |    |                               |                           /---+
|        |    |                               |                           |   \----- ENM13GaeBR
|    /---+    |                               \---------------------------+
|    |   |    |                                                           \--------- USNM560645GaeVE
|    |   |    |
|    |   |    |                                                           /--------- DICO001NpuBR
|    |   |    |                                                           |
|    |   |    \-----------------------------------------------------------+   /----- RETA15IndetBR
|    |   |                                                                \---+
|    |   |                                                                    \----- MPEG45441GaeBR
|    |   |
\----+   |                                                                    /----- MSB148785SvuRU
     |   |                                                                /---+
     |   |                                                                |   \----- MSB273400TmeME
     |   |                                                           /----+
     |   |                                                       /---+    \--------- MSB248241SvaPA
     |   |                                                       |   |
     |   \-------------------------------------------------------+   \-------------- MVZ191205MflBR
     |                                                           |
     |                                                           \------------------ MVZ192704HspPE
     |
     \------------------------------------------------------------------------------ USNM599925GaeGU

Bootstrap 50% majority-rule consensus tree
   (plus other groups compatible with this tree)

/------------------------------------------------------------------------------- AMNH135435GaeVE(1)
|
|                                                                   /----------- ANRA10GbrBR(2)
|                                                                   |
|                                                                /46+      /---- GTG54GbrBR(15)
|                                                                |  |   100+
|                                                                |  |   |  \---- GTG55GbrBR(16)
|                                                            /50-+  \84-+
|                                                            |   |      \------- USNM549526GaeBR(37)
|                                                            |   |
|                     /------------------70------------------+   \-------------- MCNM1388GbrBR(72)
|                     |                                      |
|                     |                                      |             /---- EFA41GbrBR(43)
|                     |                                      \-----53------+
|                     |                                                    \---- ANRA12GbrBR(57)
|                     |
|                     |                                      /------------------ CMARF1569GbrBR(3)
|                     |                                      |
|                     |                                      |          /------- MCN866GbrBR(20)
|                     |                                  /15-+          |
|                     |                                  |   |   /--17--+  /---- UFES3776GbrBR(54)
|                     |                                  |   |   |      \60+
|                     |                                  |   |   |         \---- MCNM2944GbrBr(68)
|                     |                                  |   \12-+
|                     |                                  |       |  /----------- UFES119GbrBR(32)
|                     |                                  |       |  |
|                     |      /------------13-------------+       \51+      /---- UFES223GbrBR(34)
|                     |      |                           |          |   /94+
|                     |      |                           |          |   |  \---- UFES3817GbrBR(35)
|                     |      |                           |          \46-+
|                     |      |                           |              \------- UFES85GbrBR(56)
|                     |      |                           |
|                     |      |                           |              /------- UFES1063GbrBR(31)
|                 /100+      |                           |              |
|                 |   |      |                           \------48------+  /---- UFES14GbrBR(33)
|                 |   |      |                                          \96+
|                 |   |      |                                             \---- UFES614GbrBR(55)
|                 |   |      |
|                 |   |      |  /----------------------------------------------- DTM41GbrBR(12)
|                 |   |      |  |
|                 |   |  /79-+  |                                       /------- FMNH141601GbrBR(13)
|                 |   |  |   |  |                                       |
|                 |   |  |   |  |                                   /71-+  /---- MCNU3683GbrBR(21)
|                 |   |  |   |  |                                   |   \48+
|                 |   |  |   |  |                                /28+      \---- MTR1128GbrBR(25)
|                 |   |  |   |  |                                |  |
|                 |   |  |   |  |                                |  |      /---- UFSC4047GbrBR(36)
|                 |   |  |   |  |                            /41-+  \--43--+
|                 |   |  |   |  |                            |   |         \---- UFSC2930GbrBR(67)
|                 |   |  |   |  |                            |   |
|                 |   |  |   |  |                        /54-+   \-------------- FZB3514GbrBR(14)
|                 |   |  |   |  |                        |   |
|                 |   |  |   |  |                     /84+   \------------------ MVZ192702GbrBR(29)
|                 |   |  |   \72+                     |  |
|                 |   |  |      |                 /42-+  \---------------------- MTR0192GbrBR(24)
|                 |   |  |      |                 |   |
|                 |   100+      |                 |   |                    /---- MTR1821GbrBR(26)
|                 |      |      |              /42+   \--------100---------+
|             /100+      |      |              |  |                        \---- MTR0444GbrBR(48)
|             |   |      |      |              |  |
|             |   |      |      |          /16-+  \----------------------------- LMUSP301GbrBR(45)
|             |   |      |      |          |   |
|             |   |      |      |          |   |                           /---- MVZ182070GbrBR(27)
|             |   |      |      |       /26+   \------------74-------------+
|             |   |      |      |       |  |                               \---- MVZ200389GbrBR(52)
|             |   |      |      |       |  |
|             |   |      |      |   /46-+  \------------------------------------ MTR1785GbrBR(49)
|             |   |      |      |   |   |
|             |   |      |      \43-+   \--------------------------------------- DTM277GbrBR(42)
|             |   |      |          |
|             |   |      |          \------------------------------------------- MVZ182071GbrBR(28)
|             |   |      |
|             |   |      \------------------------------------------------------ CMARF1568GbrBR(39)
|             |   |
|             |   |                                                        /---- ISEMT6101GaeFG(18)
|             |   |                                                     /91+
|             |   |                                                     |  \---- ISEMT5176GaeFG(44)
|             |   |                                      /------93------+
|             |   |                                      |              \------- ISEMT1758GaeFG(65)
|             |   |                                      |
|             |   |                                      |          /----------- JMIJ35GaeBR(19)
|             |   |                                      |          |
|             |   |                                      |          |      /---- BM10678GaeBR(38)
|             |   \-----------------100------------------+       100+   /51+
|             |                                          |       |  |   |  \---- BML1493IndetBR(64)
|             |                                          |       |  \89-+
|             |                                          |       |      |  /---- BM17058GaeBR(63)
|          /99+                                          |   /96-+      \71+
|          |  |                                          |   |   |         \---- UFES4256GaeBR(66)
|          |  |                                          |   |   |
|          |  |                                          \65-+   |         /---- PECC03GbrBR(30)
|          |  |                                              |   \---100---+
|          |  |                                              |             \---- PECC26GbrBR(53)
|          |  |                                              |
|          |  |                                              \------------------ IEPA3704GaeBR(61)
|          |  |
|          |  |                                                            /---- CN029GaeBR(4)
|          |  |                                   /-----------91-----------+
|          |  |                                   |                        \---- CN201GaeBR(40)
|          |  |                                   |
|          |  |                                   |                     /------- CN048GaeBR(5)
|          |  |                                   |                     |
|          |  |                                   |                 /61-+  /---- CN160GaeBR(6)
|          |  |                                   |                 |   \65+
|          |  |                                /44+              /54+      \---- CN230SpuBR(7)
|          |  |                                |  |              |  |
|          |  |                                |  |          /71-+  \----------- CN241GaeBR(8)
|      /100+  |                                |  |          |   |
|      |   |  |                                |  |      /44-+   \-------------- CN158GaeBR(58)
|      |   |  |                                |  |      |   |
|      |   |  |                                |  |   /36+   \------------------ CN294GaeBR(11)
|      |   |  |                            /58-+  |   |  |
|      |   |  |                            |   |  \90-+  \---------------------- CN269GaeBR(9)
|      |   |  |                            |   |      |
|      |   |  |                            |   |      \------------------------- CN270GaeBR(10)
|      |   |  |                            |   |
|      |   |  |                            |   |                           /---- IEPA4384GaeBR(17)
|      |   |  \------------100-------------+   \------------75-------------+
|      |   |                               |                               \---- CN175GaeBR(59)
|      |   |                               |
|      |   |                               |                               /---- MNMN56819GaeBR(22)
|      |   |                               |                            /98+
|      |   |                               |                            |  \---- ENM13GaeBR(60)
|   100+   |                               \------------100-------------+
|   |  |   |                                                            \------- USNM560645GaeVE(69)
|   |  |   |
|   |  |   |                                                            /------- DICO001NpuBR(41)
|   |  |   |                                                            |
|   |  |   \-----------------------------94-----------------------------+  /---- RETA15IndetBR(62)
|   |  |                                                                \85+
|   |  |                                                                   \---- MPEG45441GaeBR(70)
|   |  |
\---+  |                                                                   /---- MSB148785SvuRU(23)
    |  |                                                                100+
    |  |                                                                |  \---- MSB273400TmeME(47)
    |  |                                                            /100+
    |  |                                                         /62+   \------- MSB248241SvaPA(46)
    |  |                                                         |  |
    |  \---------------------------100---------------------------+  \----------- MVZ191205MflBR(50)
    |                                                            |
    |                                                            \-------------- MVZ192704HspPE(51)
    |
    \--------------------------------------------------------------------------- USNM599925GaeGU(71)

Bipartitions found in one or more trees and frequency of occurrence (bootstrap support values):

         1         2         3         4         5         6         7 7
123456789012345678901234567890123456789012345678901234567890123456789012          Freq
--------------------------------------------------------------------------------------
......................*.......................*.........................           100
......................*......................**.........................           100
......................*......................**..**.....................           100
.....................*.....................................*........*...           100
...********.....*....*.................*.................***........*...           100
.............................*......................*...................           100
..................*..................*........................**.*......           100
.................**..........*.......*.....*........*.......*.****......           100
.........................*.....................*........................           100
..*........***.....**..******.******..*..*..*..**..*.***..........**....           100
..............**........................................................           100
.**........*****...**..******.*******.*..**.*..**..*.****.........**...*           100
.**........*****.****..****************..****..**..******...*.******...*           100
.*********************.**********************..**..*******************.*           100
.*********************************************************************.*           100
.*********************.*****************.****..**..**********.*******..*            99
.....................*.....................................*............            98
..................*..........*.......*..............*.........**.*......            96
................................*.....................*.................            96
........................................*....................*.......*..            94
.................................**.....................................            94
.................*.........................*....................*.......            93
...*...................................*................................            91
.................*.........................*............................            91
....*******..............................................*..............            90
.....................................*........................**.*......            89
.............................................................*.......*..            85
..............**....................*...................................            84
............**......*..**...*......*..............................*.....            84
..*........***.....**..******.******.....*..*..**..*.***..........**....            79
................*.........................................*.............            75
..........................*........................*....................            74
...........***......*..******......*.....*..*..**..*..............*.....            72
..............................................................*..*......            71
............*.......*...*...............................................            71
....****.................................................*..............            71
.*............**....................*.....*.............*..............*            70
.....**.................................................................            65
..................*..........*.......*..............*.......*.**.*......            65
......................*......................**..*......................            62
....***.................................................................            61
.....................................................*.............*....            60
...********.....*......................*.................**.............            58
....****................................................................            54
............**......*...*...*......*..............................*.....            54
..........................................*.............*...............            53
...............................*.**....................*................            51
.....................................*.........................*........            51
.*............**....................*..................................*            50
....................*...*...............................................            48
..............................*.*.....................*.................            48
.................................**....................*................            46
.*............**....................*...................................            46
............**......*..****.*......*.....*..*..**..*..............*.....            46
....****..*..............................................*..............            44
...********............................*.................*..............            44
...................................*..............................*.....            43
............**......*..******......*.....*..*..**..*..............*.....            43
..............................................................**.*......            42
............**......*..***..*......*...........*..................*.....            42
............**......*..***..*......*........*..*..................*.....            42
............**......*...*..........*..............................*.....            41
.........**.............................................................            40
.*.....................................................................*            38
.........................*..................*..*........................            38
....*****.*..............................................*..............            36
.................................................**.....................            35
............*...........*...............................................            33
........***.............................................................            32
...............................*.**.....................................            32
...*.................*.................*...................*........*...            29
............................................*...*.......................            28
............*.......*...*..........*..............................*.....            28
............**......*..****.*......*........*..**..*..............*.....            26
.............*.....................*....................................            25
............*.......*..**...*......*..............................*.....            25
.................*.........................*................*...*.......            25
............*.......*...*...*......*..............................*.....            24
....*..*................................................................            23
...........***......*..******.*....*.....*..*..**..*..............*.....            22
..............................................................**........            21
....*******.....*........................................**.............            20
...........*...............*............................................            20
..*..................................................*..................            19
....*.*.................................................................            19
...********............................*.................**.............            19
........**..............................................................            18
....***..................................................*..............            17
...................*.................................*.............*....            17
...********..........*.................*.................*.*........*...            17
............**......*...*..........*....................................            17
.*............**....................*...................*..............*            16
.........................................*......*.......................            16
.*........................................*.............*..............*            16
............**......*..****.*......*........*..*...*..............*.....            16
...........***......*..****.*......*.....*..*..**..*..............*.....            16
...*...................................*..................*.............            16
..*................*...........*.**..................*.*...........*....            15
........................................*....................*..........            15
.............*.....................*..............................*.....            15
..........*..............................................*..............            15
..........................*.....................*..*....................            15
..*........***.....**..******.******.....*..*..**..*.***..........*.....            15
............**......*...*...*......*....................................            14
..*........***.....**..******.******..*..**.*..**..*.***..........**....            14
..*............................*.**..................*.*................            14
.*..................................*...................................            14
............*.......*...*...*...........................................            13
..*............................*.**..................*.*...........*....            13
..*..................................................*.............*....            13
...........*....................................*.......................            13
..........................................*............................*            13
................................*....................**............*....            13
........................*..........*....................................            13
..*................*..........*****..................***...........*....            13
.......*.................................................*..............            13
...................*...........*.**..................*.*...........*....            12
............**......*..****.*......*...........*...*..............*.....            12
...................*...........*.**....................*................            12
..........................................*.............*..............*            12
............*...............*...........................................            12
..........................*.....................*.......................            12
............*.......*...*.........................................*.....            11
.......................*....*...........................................            11
.........................*..................*..**.......................            11
..*........***.....**..******.******..*..*..*..**..*.***..........*.....            11
............**......*..***..*......*........*..**.................*.....            11
..*........***......*..******.******.....*..*..**..*.***..........**....            11
............**......*..**...*......*....................................            10
..........................**.......................*....................            10
.**........*****...**..******.*******.*..**.*..**..*.***..........**...*            10
........*.*.............................................................            10
....**..................................................................            10
...........................*.............*..............................            10
...........***......*..****.*......*........*..**..*..............*.....            10
...........*..................*.........................................            10
...........***.....**..******.******.....*..*..**..*.***..........**....            10
.....**..................................................*..............             9
............**......*..***..*......*...........*........................             9
.*............**....................*...................*...............             9
............**......*..***..*......*.....*..*..*..................*.....             9
..*............................*.**....................*................             9
.............*......*...*..........*..............................*.....             9
.*............**....................*.....*............................*             9
....****.**..............................................*..............             9
...********..........*.................*.................***........*...             9
..*.............................*.....................*.................             9
...................*..............................................*.....             8
............**......*..******......*.....*..*..**..*....................             8
............**......*..***..*......*.....*..*..**.................*.....             8
.........................................*..*...........................             8
...................*...................................*................             8
...........................*.......................*....................             7
............*.......*...*...*.....................................*.....             7
....***...*..............................................*..............             7
..*................*...........****..................***...........*....             7
...........***......*..******.*.*..*.....*..*..**..*..*...........*.....             7
..*..............................**..................*..................             7
.........................................*..*...*.......................             7
.............*......*...*..........*....................................             7
............**......*...*...............................................             7
....................*...*..........*..............................*.....             7
............**......*..****.*......*.....*..*..**..*....................             7
...................*..........*****..................***...........*....             7
.....................................*.........................*.*......             7
...........***......*..******......*.....*..*..**..*....................             6
..*........***......*..******.******.....*..*..**..*.***...........*....             6
....*****................................................*..............             6
....**.*................................................................             6
...................*...............................................*....             6
...............................*.**..................*.*................             6
...........***.....**..******.**.***.....*..*..**..*.*.*..........**....             6
........................*..........*..............................*.....             6
............**......*..****.*......*.....*..*..**.................*.....             6
............*.......*...*..........*....................................             6
..*...................................*.................................             6
..*...........................*****..................***...........*....             5
..........................**............................................             5
................................*.....................*............*....             5
..*................*...........*.**..................*.*................             5
.*......................................................*...............             5
.................**..........*.......*.....*........*.........****......             5
....*.**................................................................             5
.............*..........*..........*....................................             5
..........................*.................*...*.......................             5
...........................................*....................*.......             5
.*......................................................*..............*             5
...................*.................................*..................             5
...................*...........*.**..................*.*................             5
...........................*....................*.......................             5
..................*..................*.........................*........             5
..*............................*.**.....................................             5
..*................*..........*****..................***................             5
...............................*.......................*................             5
.*********************.*****************.****..**..*******************.*             5
...................*..........*.........................................             5
...........***......*..******.*....*.....*..*..**..*....................             5

328 groups at (relative) frequency less than 5% not shown

Bootstrap consensus tree stored to tree buffer (replacing previously stored tree)

Time used for SVDQuartet analysis = 05:28:58 (CPU time = 20:15:09.7)

paup> savetrees file=guerlinguetus-50p-boot.trees brlens

1 tree saved to file "~/Desktop/PAUPnew/guerlinguetus-50p-boot.trees"
